#
# There is insufficient memory for the Java Runtime Environment to continue.
# Native memory allocation (malloc) failed to allocate 1048576 bytes for AllocateHeap
# Possible reasons:
#   The system is out of physical RAM or swap space
#   The process is running with CompressedOops enabled, and the Java Heap may be blocking the growth of the native heap
# Possible solutions:
#   Reduce memory load on the system
#   Increase physical memory or swap space
#   Check if swap backing store is full
#   Decrease Java heap size (-Xmx/-Xms)
#   Decrease number of Java threads
#   Decrease Java thread stack sizes (-Xss)
#   Set larger code cache with -XX:ReservedCodeCacheSize=
#   JVM is running with Unscaled Compressed Oops mode in which the Java heap is
#     placed in the first 4GB address space. The Java Heap base address is the
#     maximum limit for the native heap growth. Please use -XX:HeapBaseMinAddress
#     to set the Java Heap base and to place the Java Heap above 4GB virtual address.
# This output file may be truncated or incomplete.
#
#  Out of Memory Error (memory/allocation.inline.hpp:61), pid=8132, tid=0x0000000000006dd4
#
# JRE version:  (8.0_212-b04) (build )
# Java VM: OpenJDK 64-Bit Server VM (25.212-b04 mixed mode windows-amd64 compressed oops)
# Failed to write core dump. Minidumps are not enabled by default on client versions of Windows
#

---------------  T H R E A D  ---------------

Current thread (0x00000233b9898800):  JavaThread "Unknown thread" [_thread_in_vm, id=28116, stack(0x00000035ac600000,0x00000035ac700000)]

Stack: [0x00000035ac600000,0x00000035ac700000]
[error occurred during error reporting (printing stack bounds), id 0xc0000005]

Native frames: (J=compiled Java code, j=interpreted, Vv=VM code, C=native code)


---------------  P R O C E S S  ---------------

Java Threads: ( => current thread )

Other Threads:

=>0x00000233b9898800 (exited) JavaThread "Unknown thread" [_thread_in_vm, id=28116, stack(0x00000035ac600000,0x00000035ac700000)]

VM state:not at safepoint (normal execution)

VM Mutex/Monitor currently owned by a thread: None

heap address: 0x0000000082200000, size: 2014 MB, Compressed Oops mode: 32-bit
Narrow klass base: 0x0000000000000000, Narrow klass shift: 3
Compressed class space size: 1073741824 Address: 0x0000000100000000

Heap:
 PSYoungGen      total 37888K, used 655K [0x00000000d6100000, 0x00000000d8b00000, 0x0000000100000000)
  eden space 32768K, 2% used [0x00000000d6100000,0x00000000d61a3d80,0x00000000d8100000)
  from space 5120K, 0% used [0x00000000d8600000,0x00000000d8600000,0x00000000d8b00000)
  to   space 5120K, 0% used [0x00000000d8100000,0x00000000d8100000,0x00000000d8600000)
 ParOldGen       total 86016K, used 0K [0x0000000082200000, 0x0000000087600000, 0x00000000d6100000)
  object space 86016K, 0% used [0x0000000082200000,0x0000000082200000,0x0000000087600000)
 Metaspace       used 784K, capacity 1156K, committed 1408K, reserved 1060864K
  class space    used 74K, capacity 384K, committed 384K, reserved 1048576K

Card table byte_map: [0x00000233ca5b0000,0x00000233ca9a0000] byte_map_base: 0x00000233ca19f000

Marking Bits: (ParMarkBitMap*) 0x000000006ecf1f50
 Begin Bits: [0x00000233cac40000, 0x00000233ccbb8000)
 End Bits:   [0x00000233ccbb8000, 0x00000233ceb30000)

Polling page: 0x00000233b9970000

CodeCache: size=245760Kb used=328Kb max_used=328Kb free=245431Kb
 bounds [0x00000233bb1f0000, 0x00000233bb460000, 0x00000233ca1f0000]
 total_blobs=57 nmethods=0 adapters=38
 compilation: enabled

Compilation events (0 events):
No events

GC Heap History (0 events):
No events

Deoptimization events (0 events):
No events

Classes redefined (0 events):
No events

Internal exceptions (0 events):
No events

Events (10 events):
Event: 0.017 loading class java/lang/Short
Event: 0.017 loading class java/lang/Short done
Event: 0.017 loading class java/lang/Integer
Event: 0.017 loading class java/lang/Integer done
Event: 0.017 loading class java/lang/Long
Event: 0.017 loading class java/lang/Long done
Event: 0.017 loading class java/lang/NullPointerException
Event: 0.017 loading class java/lang/NullPointerException done
Event: 0.017 loading class java/lang/ArithmeticException
Event: 0.017 loading class java/lang/ArithmeticException done


Dynamic libraries:
0x00007ff7a0ea0000 - 0x00007ff7a0eda000 	C:\Program Files\AdoptOpenJDK\jdk-8.0.212.04-hotspot\jre\bin\java.exe
0x00007ffe9bea0000 - 0x00007ffe9c090000 	C:\WINDOWS\SYSTEM32\ntdll.dll
0x00007ffe9a430000 - 0x00007ffe9a4e2000 	C:\WINDOWS\System32\KERNEL32.DLL
0x00007ffe99ca0000 - 0x00007ffe99f43000 	C:\WINDOWS\System32\KERNELBASE.dll
0x00007ffe9a630000 - 0x00007ffe9a6d3000 	C:\WINDOWS\System32\ADVAPI32.dll
0x00007ffe9b3d0000 - 0x00007ffe9b46e000 	C:\WINDOWS\System32\msvcrt.dll
0x00007ffe9aa00000 - 0x00007ffe9aa97000 	C:\WINDOWS\System32\sechost.dll
0x00007ffe9b470000 - 0x00007ffe9b590000 	C:\WINDOWS\System32\RPCRT4.dll
0x00007ffe9aec0000 - 0x00007ffe9b054000 	C:\WINDOWS\System32\USER32.dll
0x00007ffe99410000 - 0x00007ffe99431000 	C:\WINDOWS\System32\win32u.dll
0x00007ffe9b060000 - 0x00007ffe9b086000 	C:\WINDOWS\System32\GDI32.dll
0x00007ffe98f50000 - 0x00007ffe990e4000 	C:\WINDOWS\System32\gdi32full.dll
0x00007ffe98eb0000 - 0x00007ffe98f4e000 	C:\WINDOWS\System32\msvcp_win.dll
0x00007ffe992f0000 - 0x00007ffe993ea000 	C:\WINDOWS\System32\ucrtbase.dll
0x00007ffe89210000 - 0x00007ffe89495000 	C:\WINDOWS\WinSxS\amd64_microsoft.windows.common-controls_6595b64144ccf1df_6.0.18362.778_none_e6c6b761130d4fb8\COMCTL32.dll
0x00007ffe9b090000 - 0x00007ffe9b3c6000 	C:\WINDOWS\System32\combase.dll
0x00007ffe98e30000 - 0x00007ffe98eb0000 	C:\WINDOWS\System32\bcryptPrimitives.dll
0x00007ffe9a820000 - 0x00007ffe9a84e000 	C:\WINDOWS\System32\IMM32.DLL
0x00007ffe94300000 - 0x00007ffe943ef000 	C:\Program Files\AdoptOpenJDK\jdk-8.0.212.04-hotspot\jre\bin\msvcr120.dll
0x00007ffe93050000 - 0x00007ffe930f6000 	C:\Program Files\AdoptOpenJDK\jdk-8.0.212.04-hotspot\jre\bin\msvcp120.dll
0x000000006e570000 - 0x000000006ed6b000 	C:\Program Files\AdoptOpenJDK\jdk-8.0.212.04-hotspot\jre\bin\server\jvm.dll
0x00007ffe9abd0000 - 0x00007ffe9abd8000 	C:\WINDOWS\System32\PSAPI.DLL
0x00007ffe93bb0000 - 0x00007ffe93bba000 	C:\WINDOWS\SYSTEM32\VERSION.dll
0x00007ffe90330000 - 0x00007ffe90354000 	C:\WINDOWS\SYSTEM32\WINMM.dll
0x00007ffe8db70000 - 0x00007ffe8db79000 	C:\WINDOWS\SYSTEM32\WSOCK32.dll
0x00007ffe9a4f0000 - 0x00007ffe9a55f000 	C:\WINDOWS\System32\WS2_32.dll
0x00007ffe90300000 - 0x00007ffe9032d000 	C:\WINDOWS\SYSTEM32\WINMMBASE.dll
0x00007ffe992a0000 - 0x00007ffe992ea000 	C:\WINDOWS\System32\cfgmgr32.dll
0x00007ffe93240000 - 0x00007ffe9324f000 	C:\Program Files\AdoptOpenJDK\jdk-8.0.212.04-hotspot\jre\bin\verify.dll
0x00007ffe8f120000 - 0x00007ffe8f148000 	C:\Program Files\AdoptOpenJDK\jdk-8.0.212.04-hotspot\jre\bin\java.dll
0x00007ffe8c7e0000 - 0x00007ffe8c7f6000 	C:\Program Files\AdoptOpenJDK\jdk-8.0.212.04-hotspot\jre\bin\zip.dll

VM Arguments:
java_command: E:\ManasiData\ServiceNow-Assignment\ServiceNow-QA-assignment\target\surefire\surefirebooter4464608334232283082.jar E:\ManasiData\ServiceNow-Assignment\ServiceNow-QA-assignment\target\surefire\surefire8163224777223345492tmp E:\ManasiData\ServiceNow-Assignment\ServiceNow-QA-assignment\target\surefire\surefire_05581451377433218937tmp
java_class_path (initial): E:\ManasiData\ServiceNow-Assignment\ServiceNow-QA-assignment\target\surefire\surefirebooter4464608334232283082.jar
Launcher Type: SUN_STANDARD

Environment Variables:
JAVA_HOME=C:\Program Files\Java\jdk1.8.0_201
PATH=C:/Program Files/AdoptOpenJDK/jdk-8.0.212.04-hotspot/bin/../jre/bin/server;C:/Program Files/AdoptOpenJDK/jdk-8.0.212.04-hotspot/bin/../jre/bin;C:/Program Files/AdoptOpenJDK/jdk-8.0.212.04-hotspot/bin/../jre/lib/amd64;C:\Program Files\AdoptOpenJDK\jdk-8.0.212.04-hotspot\bin;C:\Program Files (x86)\Common Files\Oracle\Java\javapath;D:\Work\program\Oracle\oraclexe\app\oracle\product\11.2.0\server\bin;C:\Program Files (x86)\Intel\Intel(R) Management Engine Components\iCLS\;C:\Program Files\Intel\Intel(R) Management Engine Components\iCLS\;C:\Windows\system32;C:\Windows;C:\Windows\System32\Wbem;C:\Windows\System32\WindowsPowerShell\v1.0\;C:\Windows\System32\OpenSSH\;C:\Program Files (x86)\Intel\Intel(R) Management Engine Components\DAL;C:\Program Files\Intel\Intel(R) Management Engine Components\DAL;C:\Program Files (x86)\Intel\Intel(R) Management Engine Components\IPT;C:\Program Files\Intel\Intel(R) Management Engine Components\IPT;C:\Program Files (x86)\NVIDIA Corporation\PhysX\Common;C:\Program Files\Intel\WiFi\bin\;C:\Program Files\Common Files\Intel\WirelessCommon\;D:\Work\program\HashiCorp\Vagrant\bin;C:\WINDOWS\system32;C:\WINDOWS;C:\WINDOWS\System32\Wbem;C:\WINDOWS\System32\WindowsPowerShell\v1.0\;C:\WINDOWS\System32\OpenSSH\;C:\Program Files\Java\jdk1.8.0_201\bin;C:\Users\Ashish\AppData\Local\Android\Sdk\tools\bin;C:\Users\Ashish\AppData\Local\Android\Sdk\tools;C:\Users\Ashish\AppData\Local\Android\Sdk\platform-tools;C:\Program Files\nodejs\;C:\Program Files\nodejs\node_modules\npm\bin;C:\Users\Ashish\Downloads\apache-maven-3.6.2-bin\apache-maven-3.6.2\bin;C:\Program Files\Git\cmd;C:\Users\Ashish\AppData\Local\Microsoft\WindowsApps;C:\Users\Ashish\AppData\Roaming\npm;C:\Users\Ashish\eclipse\java-2019-09\eclipse;
USERNAME=Ashish
OS=Windows_NT
PROCESSOR_IDENTIFIER=Intel64 Family 6 Model 158 Stepping 10, GenuineIntel



---------------  S Y S T E M  ---------------

OS: Windows 10.0 , 64 bit Build 18362 (10.0.18362.778)

CPU:total 8 (initial active 8) (4 cores per cpu, 2 threads per core) family 6 model 158 stepping 10, cmov, cx8, fxsr, mmx, sse, sse2, sse3, ssse3, sse4.1, sse4.2, popcnt, avx, avx2, aes, clmul, erms, 3dnowpref, lzcnt, ht, tsc, tscinvbit, bmi1, bmi2, adx

Memory: 4k page, physical 8241220k(414376k free), swap 23732588k(5864k free)

vm_info: OpenJDK 64-Bit Server VM (25.212-b04) for windows-amd64 JRE (1.8.0_212-b04), built on Jun  3 2019 21:11:11 by "jenkins" with MS VC++ 12.0 (VS2013)

time: Sat May 02 19:37:43 2020
timezone: W. Europe Daylight Time
elapsed time: 0 seconds (0d 0h 0m 0s)

